[INFO] Đã có 4825 chương

[INFO] Lấy danh sách 61 trang chapter từ API...
  [ 1/61] Đang quét...
  [10/61] Đang quét...
  [20/61] Đang quét...
  [30/61] Đang quét...
  [40/61] Đang quét...
  [50/61] Đang quét...
  [60/61] Đang quét...
[INFO] Tìm được 5973 chương
[INFO] Chương 1 - 6009

[INFO] Cào 5973 chương...
============================================================

  [ 100/5973] Chương   101 ⊘ SKIP
  [ 200/5973] Chương   201 ⊘ SKIP
  [ 300/5973] Chương   302 ⊘ SKIP
  [ 400/5973] Chương   402 ⊘ SKIP
  [ 500/5973] Chương   502 ⊘ SKIP
  [ 600/5973] Chương   604 ⊘ SKIP
  [ 700/5973] Chương   704 ⊘ SKIP
  [ 800/5973] Chương   806 ⊘ SKIP
  [ 900/5973] Chương   906 ⊘ SKIP
  [1000/5973] Chương  1009 ⊘ SKIP
  [1100/5973] Chương  1111 ⊘ SKIP
  [1200/5973] Chương  1213 ⊘ SKIP
  [1300/5973] Chương  1314 ⊘ SKIP
  [1400/5973] Chương  1414 ⊘ SKIP
  [1500/5973] Chương  1514 ⊘ SKIP
  [1600/5973] Chương  1615 ⊘ SKIP
  [1700/5973] Chương  1715 ⊘ SKIP
  [1800/5973] Chương  1815 ⊘ SKIP
  [1900/5973] Chương  1915 ⊘ SKIP
  [2000/5973] Chương  2015 ⊘ SKIP
  [2100/5973] Chương  2116 ⊘ SKIP
  [2200/5973] Chương  2217 ⊘ SKIP
  [2300/5973] Chương  2317 ⊘ SKIP
  [2400/5973] Chương  2417 ⊘ SKIP
  [2500/5973] Chương  2523 ⊘ SKIP
  [2600/5973] Chương  2624 ⊘ SKIP
  [2700/5973] Chương  2724 ⊘ SKIP
  [2800/5973] Chương  2824 ⊘ SKIP
  [2900/5973] Chương  2925 ⊘ SKIP
  [3000/5973] Chương  3026 ⊘ SKIP
  [3100/5973] Chương  3128 ⊘ SKIP
  [3200/5973] Chương  3228 ⊘ SKIP
  [3300/5973] Chương  3329 ⊘ SKIP
  [3400/5973] Chương  3435 ⊘ SKIP
  [3500/5973] Chương  3535 ⊘ SKIP
  [3600/5973] Chương  3635 ⊘ SKIP
  [3700/5973] Chương  3735 ⊘ SKIP
  [3800/5973] Chương  3835 ⊘ SKIP
  [3900/5973] Chương  3935 ⊘ SKIP
  [4000/5973] Chương  4035 ⊘ SKIP
  [4100/5973] Chương  4136 ⊘ SKIP
  [4200/5973] Chương  4236 ⊘ SKIP
  [4300/5973] Chương  4336 ⊘ SKIP
  [4400/5973] Chương  4436 ⊘ SKIP
  [4500/5973] Chương  4536 ⊘ SKIP
  [4600/5973] Chương  4636 ⊘ SKIP
  [4700/5973] Chương  4736 ⊘ SKIP
  [4800/5973] Chương  4836 ⊘ SKIP
  [4900/5973] Chương  4936 ✓ OK (11,752 ký tự)
  [5000/5973] Chương  5036 ✓ OK (12,018 ký tự)
  [5100/5973] Chương  5136 ✓ OK (11,920 ký tự)
  [5200/5973] Chương  5236 ✓ OK (11,534 ký tự)
  [5300/5973] Chương  5336 ✓ OK (12,017 ký tự)
  [5400/5973] Chương  5436 ✓ OK (12,197 ký tự)
  [5500/5973] Chương  5536 ✓ OK (11,713 ký tự)
  [5600/5973] Chương  5636 ✓ OK (11,687 ký tự)
  [5700/5973] Chương  5736 ✓ OK (12,129 ký tự)
  [5800/5973] Chương  5836 ✓ OK (11,952 ký tự)
  [5900/5973] Chương  5936 ✓ OK (12,164 ký tự)


============================================================
  HOÀN TẤT - Cào từ metruyenchuvn.com (đầy đủ)
  Cào mới       :   1135 chương
  Bỏ qua        :   4824 chương (đã có)
  Lỗi           :     14 chương
  Tổng cộng     :   5959 chương
  Lưu tại       : D:\dich-truyen\convert-txt\input\Võ Luyện Đỉnh Phong
============================================================

